<?xml version="1.0" encoding="UTF-8" ?>
<testsuite failures="2" time="0.028" errors="0" skipped="0" tests="2" name="callgraph.ParserTest">
  <properties>
    <property name="java.runtime.name" value="Java(TM) SE Runtime Environment"/>
    <property name="sun.boot.library.path" value="/usr/lib/jvm/jdk1.7.0/jre/lib/i386"/>
    <property name="java.vm.version" value="23.6-b04"/>
    <property name="java.vm.vendor" value="Oracle Corporation"/>
    <property name="java.vendor.url" value="http://java.oracle.com/"/>
    <property name="path.separator" value=":"/>
    <property name="guice.disable.misplaced.annotation.check" value="true"/>
    <property name="java.vm.name" value="Java HotSpot(TM) Server VM"/>
    <property name="file.encoding.pkg" value="sun.io"/>
    <property name="user.country" value="US"/>
    <property name="sun.java.launcher" value="SUN_STANDARD"/>
    <property name="sun.os.patch.level" value="unknown"/>
    <property name="java.vm.specification.name" value="Java Virtual Machine Specification"/>
    <property name="user.dir" value="/home/sameera/git/compiler-project"/>
    <property name="java.runtime.version" value="1.7.0_11-b21"/>
    <property name="java.awt.graphicsenv" value="sun.awt.X11GraphicsEnvironment"/>
    <property name="java.endorsed.dirs" value="/usr/lib/jvm/jdk1.7.0/jre/lib/endorsed"/>
    <property name="os.arch" value="i386"/>
    <property name="java.io.tmpdir" value="/tmp"/>
    <property name="line.separator" value="
"/>
    <property name="java.vm.specification.vendor" value="Oracle Corporation"/>
    <property name="os.name" value="Linux"/>
    <property name="classworlds.conf" value="/usr/share/maven/bin/m2.conf"/>
    <property name="sun.jnu.encoding" value="UTF-8"/>
    <property name="java.library.path" value="/usr/java/packages/lib/i386:/lib:/usr/lib"/>
    <property name="java.specification.name" value="Java Platform API Specification"/>
    <property name="java.class.version" value="51.0"/>
    <property name="sun.management.compiler" value="HotSpot Tiered Compilers"/>
    <property name="os.version" value="3.2.0-29-generic-pae"/>
    <property name="user.home" value="/home/sameera"/>
    <property name="user.timezone" value="Asia/Colombo"/>
    <property name="java.awt.printerjob" value="sun.print.PSPrinterJob"/>
    <property name="file.encoding" value="UTF-8"/>
    <property name="java.specification.version" value="1.7"/>
    <property name="user.name" value="sameera"/>
    <property name="java.class.path" value="/usr/share/maven/boot/plexus-classworlds-2.x.jar"/>
    <property name="java.vm.specification.version" value="1.7"/>
    <property name="sun.arch.data.model" value="32"/>
    <property name="java.home" value="/usr/lib/jvm/jdk1.7.0/jre"/>
    <property name="sun.java.command" value="org.codehaus.plexus.classworlds.launcher.Launcher install"/>
    <property name="java.specification.vendor" value="Oracle Corporation"/>
    <property name="user.language" value="en"/>
    <property name="awt.toolkit" value="sun.awt.X11.XToolkit"/>
    <property name="java.vm.info" value="mixed mode"/>
    <property name="java.version" value="1.7.0_11"/>
    <property name="java.ext.dirs" value="/usr/lib/jvm/jdk1.7.0/jre/lib/ext:/usr/java/packages/lib/ext"/>
    <property name="securerandom.source" value="file:/dev/./urandom"/>
    <property name="sun.boot.class.path" value="/usr/lib/jvm/jdk1.7.0/jre/lib/resources.jar:/usr/lib/jvm/jdk1.7.0/jre/lib/rt.jar:/usr/lib/jvm/jdk1.7.0/jre/lib/sunrsasign.jar:/usr/lib/jvm/jdk1.7.0/jre/lib/jsse.jar:/usr/lib/jvm/jdk1.7.0/jre/lib/jce.jar:/usr/lib/jvm/jdk1.7.0/jre/lib/charsets.jar:/usr/lib/jvm/jdk1.7.0/jre/lib/jfr.jar:/usr/lib/jvm/jdk1.7.0/jre/classes"/>
    <property name="java.vendor" value="Oracle Corporation"/>
    <property name="maven.home" value="/usr/share/maven"/>
    <property name="file.separator" value="/"/>
    <property name="java.vendor.url.bug" value="http://bugreport.sun.com/bugreport/"/>
    <property name="sun.cpu.endian" value="little"/>
    <property name="sun.io.unicode.encoding" value="UnicodeLittle"/>
    <property name="sun.desktop" value="gnome"/>
    <property name="sun.cpu.isalist" value=""/>
  </properties>
  <testcase time="0.014" classname="callgraph.ParserTest" name="callgraph.ParserTest.testP">
    <failure message="org/junit/Assert" type="java.lang.NoClassDefFoundError">java.lang.NoClassDefFoundError: org/junit/Assert
	at callgraph.ParserTest.testP(ParserTest.java:52)
Caused by: java.lang.ClassNotFoundException: org.junit.Assert
	at java.net.URLClassLoader$1.run(URLClassLoader.java:366)
	at java.net.URLClassLoader$1.run(URLClassLoader.java:355)
	at java.security.AccessController.doPrivileged(Native Method)
	at java.net.URLClassLoader.findClass(URLClassLoader.java:354)
	at java.lang.ClassLoader.loadClass(ClassLoader.java:423)
	at sun.misc.Launcher$AppClassLoader.loadClass(Launcher.java:308)
	at java.lang.ClassLoader.loadClass(ClassLoader.java:356)
	... 19 more
</failure>
    <system-out>t1= (float)a

t2= t1*c

t3= (float)b

t4= t3+t2

c= t4

Postfix notation and value of the statement
bac*+
c=0


t1= 3+7

t2= 3*t1

Postfix notation and value of the statement
337+*
30

t1= 3*6

t2= a+t1

Postfix notation and value of the statement
a36*+
18

t1= 2+3

t2= t1*4

a= t2

Postfix notation and value of the statement
23+4*
a=20


t1= 2.32+3.24

d= t1

Postfix notation and value of the statement
2.323.24+
d=5.56


t1= a+2

b= t1

Postfix notation and value of the statement
a2+
b=22


</system-out>
  </testcase>
  <testcase time="0.013" classname="callgraph.ParserTest" name="callgraph.ParserTest.testN1">
    <failure message="near line 13:syntax error" type="java.lang.Error">java.lang.Error: near line 13:syntax error
	at parser.Parser.error(Parser.java:40)
	at parser.Parser.match(Parser.java:51)
	at parser.Parser.L(Parser.java:137)
	at parser.Parser.L1(Parser.java:143)
	at parser.Parser.L(Parser.java:138)
	at parser.Parser.L1(Parser.java:143)
	at parser.Parser.L(Parser.java:138)
	at parser.Parser.L1(Parser.java:143)
	at parser.Parser.L(Parser.java:138)
	at parser.Parser.L1(Parser.java:143)
	at parser.Parser.L(Parser.java:138)
	at parser.Parser.L1(Parser.java:143)
	at parser.Parser.L(Parser.java:138)
	at parser.Parser.P(Parser.java:59)
	at callgraph.ParserTest.testN1(ParserTest.java:72)
</failure>
    <system-out>t1= (float)a

t2= t1*c

t3= (float)b

t4= t3+t2

c= t4

Postfix notation and value of the statement
bac*+
c=0


t1= 3+7

t2= 3*t1

Postfix notation and value of the statement
337+*
30

t1= 3*6

t2= a+t1

Postfix notation and value of the statement
a36*+
18

t1= 2+3

t2= t1*4

a= t2

Postfix notation and value of the statement
23+4*
a=20


t1= 2.32+3.24

d= t1

Postfix notation and value of the statement
2.323.24+
d=5.56


t1= a+2

b= t1

Postfix notation and value of the statement
a2+
b=22


</system-out>
  </testcase>
</testsuite>